{
  "zoneSummary": [
    {
      "구역": "2구역",
      "전체물리세대수": 2571,
      "조망각산정세대수": 2535,
      "조망각미산정세대수": 36,
      "조망각산정커버리지_pct": 98.6,
      "산정세대가중평균조망각": 22.35,
      "특A급_산정세대": 47,
      "A급_산정세대": 24,
      "B급_산정세대": 127,
      "C급_산정세대": 302,
      "D급_산정세대": 590,
      "E급_산정세대": 1445,
      "특A급_전체세대대비_pct": 1.83,
      "A급_전체세대대비_pct": 0.93,
      "B급_전체세대대비_pct": 4.94,
      "C급_전체세대대비_pct": 11.75,
      "D급_전체세대대비_pct": 22.95,
      "E급_전체세대대비_pct": 56.2,
      "미산정_전체세대대비_pct": 1.4
    },
    {
      "구역": "3구역",
      "전체물리세대수": 5175,
      "조망각산정세대수": 5121,
      "조망각미산정세대수": 54,
      "조망각산정커버리지_pct": 98.96,
      "산정세대가중평균조망각": 30.83,
      "특A급_산정세대": 285,
      "A급_산정세대": 104,
      "B급_산정세대": 214,
      "C급_산정세대": 392,
      "D급_산정세대": 1998,
      "E급_산정세대": 2128,
      "특A급_전체세대대비_pct": 5.51,
      "A급_전체세대대비_pct": 2.01,
      "B급_전체세대대비_pct": 4.14,
      "C급_전체세대대비_pct": 7.57,
      "D급_전체세대대비_pct": 38.61,
      "E급_전체세대대비_pct": 41.12,
      "미산정_전체세대대비_pct": 1.04
    },
    {
      "구역": "4구역",
      "전체물리세대수": 1662,
      "조망각산정세대수": 1554,
      "조망각미산정세대수": 108,
      "조망각산정커버리지_pct": 93.5,
      "산정세대가중평균조망각": 21.69,
      "특A급_산정세대": 53,
      "A급_산정세대": 37,
      "B급_산정세대": 41,
      "C급_산정세대": 120,
      "D급_산정세대": 246,
      "E급_산정세대": 1057,
      "특A급_전체세대대비_pct": 3.19,
      "A급_전체세대대비_pct": 2.23,
      "B급_전체세대대비_pct": 2.47,
      "C급_전체세대대비_pct": 7.22,
      "D급_전체세대대비_pct": 14.8,
      "E급_전체세대대비_pct": 63.6,
      "미산정_전체세대대비_pct": 6.5
    },
    {
      "구역": "5구역",
      "전체물리세대수": 1397,
      "조망각산정세대수": 1390,
      "조망각미산정세대수": 7,
      "조망각산정커버리지_pct": 99.5,
      "산정세대가중평균조망각": 26.74,
      "특A급_산정세대": 52,
      "A급_산정세대": 67,
      "B급_산정세대": 115,
      "C급_산정세대": 40,
      "D급_산정세대": 273,
      "E급_산정세대": 843,
      "특A급_전체세대대비_pct": 3.72,
      "A급_전체세대대비_pct": 4.8,
      "B급_전체세대대비_pct": 8.23,
      "C급_전체세대대비_pct": 2.86,
      "D급_전체세대대비_pct": 19.54,
      "E급_전체세대대비_pct": 60.34,
      "미산정_전체세대대비_pct": 0.5
    }
  ],
  "unmatched": [
    {
      "구역": "2구역",
      "평형": "P88",
      "전체세대수": 4,
      "조망각상태": "미산정",
      "사유": "현재 GeoJSON에 해당 평형의 독립 유닛 폴리곤/층표본 없음"
    },
    {
      "구역": "2구역",
      "평형": "P95~97",
      "전체세대수": 26,
      "조망각상태": "미산정",
      "사유": "현재 GeoJSON에 해당 평형의 독립 유닛 폴리곤/층표본 없음"
    },
    {
      "구역": "2구역",
      "평형": "P112~134",
      "전체세대수": 4,
      "조망각상태": "미산정",
      "사유": "현재 GeoJSON에 해당 평형의 독립 유닛 폴리곤/층표본 없음"
    },
    {
      "구역": "2구역",
      "평형": "P174~175",
      "전체세대수": 2,
      "조망각상태": "미산정",
      "사유": "현재 GeoJSON에 해당 평형의 독립 유닛 폴리곤/층표본 없음"
    },
    {
      "구역": "3구역",
      "평형": "82P",
      "전체세대수": 37,
      "조망각상태": "미산정",
      "사유": "현재 GeoJSON에 해당 평형의 독립 유닛 폴리곤/층표본 없음"
    },
    {
      "구역": "3구역",
      "평형": "91P",
      "전체세대수": 8,
      "조망각상태": "미산정",
      "사유": "현재 GeoJSON에 해당 평형의 독립 유닛 폴리곤/층표본 없음"
    },
    {
      "구역": "3구역",
      "평형": "103P",
      "전체세대수": 5,
      "조망각상태": "미산정",
      "사유": "현재 GeoJSON에 해당 평형의 독립 유닛 폴리곤/층표본 없음"
    },
    {
      "구역": "3구역",
      "평형": "110P",
      "전체세대수": 2,
      "조망각상태": "미산정",
      "사유": "현재 GeoJSON에 해당 평형의 독립 유닛 폴리곤/층표본 없음"
    },
    {
      "구역": "3구역",
      "평형": "183P",
      "전체세대수": 2,
      "조망각상태": "미산정",
      "사유": "현재 GeoJSON에 해당 평형의 독립 유닛 폴리곤/층표본 없음"
    },
    {
      "구역": "4구역",
      "평형": "49",
      "전체세대수": 49,
      "조망각상태": "미산정",
      "사유": "현재 GeoJSON에 해당 평형의 독립 유닛 폴리곤/층표본 없음"
    },
    {
      "구역": "4구역",
      "평형": "68",
      "전체세대수": 12,
      "조망각상태": "미산정",
      "사유": "현재 GeoJSON에 해당 평형의 독립 유닛 폴리곤/층표본 없음"
    },
    {
      "구역": "4구역",
      "평형": "70",
      "전체세대수": 10,
      "조망각상태": "미산정",
      "사유": "현재 GeoJSON에 해당 평형의 독립 유닛 폴리곤/층표본 없음"
    },
    {
      "구역": "4구역",
      "평형": "74",
      "전체세대수": 28,
      "조망각상태": "미산정",
      "사유": "현재 GeoJSON에 해당 평형의 독립 유닛 폴리곤/층표본 없음"
    },
    {
      "구역": "4구역",
      "평형": "P94",
      "전체세대수": 4,
      "조망각상태": "미산정",
      "사유": "현재 GeoJSON에 해당 평형의 독립 유닛 폴리곤/층표본 없음"
    },
    {
      "구역": "4구역",
      "평형": "P110",
      "전체세대수": 4,
      "조망각상태": "미산정",
      "사유": "현재 GeoJSON에 해당 평형의 독립 유닛 폴리곤/층표본 없음"
    },
    {
      "구역": "4구역",
      "평형": "P172",
      "전체세대수": 1,
      "조망각상태": "미산정",
      "사유": "현재 GeoJSON에 해당 평형의 독립 유닛 폴리곤/층표본 없음"
    },
    {
      "구역": "5구역",
      "평형": "78",
      "전체세대수": 5,
      "조망각상태": "미산정",
      "사유": "현재 GeoJSON에 해당 평형의 독립 유닛 폴리곤/층표본 없음"
    },
    {
      "구역": "5구역",
      "평형": "116",
      "전체세대수": 2,
      "조망각상태": "미산정",
      "사유": "현재 GeoJSON에 해당 평형의 독립 유닛 폴리곤/층표본 없음"
    }
  ],
  "rowCount": 58
}
