{
  "source": {
    "summaryFile": "data/view_summary.json",
    "floorTable": "data/view_floor_rows.csv",
    "calculationMode": "conservative",
    "index": "APGUJEONG-VIEW/index_v55_zone_cache_light.html",
    "riverLine": "hangang_line_all.geojson",
    "floorViewUsesEyeHeight": "piloti_m + (floor - 0.5) * floor_h",
    "sameDongRule": "현재 v55 인덱스의 동일동 보정 외피·내부 관통 차단 로직"
  },
  "zoneSummary": [
    {
      "구역": "2구역",
      "평형수": 12,
      "계산단위_층": 2746,
      "평균_총개방각": 23.75,
      "최대_총개방각": 120.0,
      "평균_최대연속각": 7.64,
      "최대_최대연속각": 59.0
    },
    {
      "구역": "3구역",
      "평형수": 10,
      "계산단위_층": 5422,
      "평균_총개방각": 60.81,
      "최대_총개방각": 214.0,
      "평균_최대연속각": 48.33,
      "최대_최대연속각": 211.0
    },
    {
      "구역": "4구역",
      "평형수": 11,
      "계산단위_층": 1696,
      "평균_총개방각": 60.72,
      "최대_총개방각": 194.0,
      "평균_최대연속각": 56.27,
      "최대_최대연속각": 192.0
    },
    {
      "구역": "5구역",
      "평형수": 7,
      "계산단위_층": 1524,
      "평균_총개방각": 72.28,
      "최대_총개방각": 186.0,
      "평균_최대연속각": 69.1,
      "최대_최대연속각": 180.0
    }
  ],
  "rowCount": 40,
  "zoneFloorCounts": {
    "2": 2746,
    "3": 5422,
    "4": 1696,
    "5": 1524
  }
}
