{
  "generatedAt": "2026-07-13T13:20:34.361810+00:00",
  "duplicateKeyCount": 1,
  "duplicates": [
    {
      "key": {
        "구역": "3구역",
        "단지명": "현대1,2차",
        "동": 21,
        "호": 705
      },
      "rows": [
        {
          "excelRow": 9789,
          "구역": "3구역",
          "단지명": "현대1,2차",
          "동": 21,
          "호": 705,
          "평형": 54,
          "전용면적": 161.18,
          "대지지분": 21.97,
          "2026": 64.06
        },
        {
          "excelRow": 9790,
          "구역": "3구역",
          "단지명": "현대1,2차",
          "동": 21,
          "호": 705,
          "평형": 54,
          "전용면적": 161.18,
          "대지지분": 21.97,
          "2026": 64.06
        }
      ]
    }
  ]
}
