{
  "zones": {
    "2구역": {
      "recordedRows": 1923,
      "lineGroups": 152,
      "comparableGroups": 152,
      "strictMatchGroups": 0,
      "nearMatchGroups": 0,
      "mismatchGroups": 152,
      "comparableCells": 1923,
      "strictMatchCells": 152,
      "nearMatchCells": 8,
      "mismatchCells": 1763,
      "peakRuleComparableGroups": 152,
      "peakRuleMatchGroups": 0,
      "topRuleComparableGroups": 152,
      "topRuleMatchGroups": 0,
      "notComparableGroups": 0,
      "strictGroupRatePct": 0.0,
      "withinNearGroupRatePct": 0.0,
      "strictCellRatePct": 7.9,
      "withinNearCellRatePct": 8.3,
      "peakRuleMatchRatePct": 0.0,
      "topRuleMatchRatePct": 0.0,
      "medianAbsDifference": 1.2269999999999968,
      "maxAbsDifference": 4.653818181818181,
      "recordedAccordingToRule": false
    },
    "3구역": {
      "recordedRows": 3934,
      "lineGroups": 316,
      "comparableGroups": 316,
      "strictMatchGroups": 0,
      "nearMatchGroups": 0,
      "mismatchGroups": 316,
      "comparableCells": 3934,
      "strictMatchCells": 320,
      "nearMatchCells": 83,
      "mismatchCells": 3531,
      "peakRuleComparableGroups": 316,
      "peakRuleMatchGroups": 4,
      "topRuleComparableGroups": 316,
      "topRuleMatchGroups": 0,
      "notComparableGroups": 0,
      "strictGroupRatePct": 0.0,
      "withinNearGroupRatePct": 0.0,
      "strictCellRatePct": 8.1,
      "withinNearCellRatePct": 10.2,
      "peakRuleMatchRatePct": 1.3,
      "topRuleMatchRatePct": 0.0,
      "medianAbsDifference": 1.1850000000000023,
      "maxAbsDifference": 11.244374999999998,
      "recordedAccordingToRule": false
    },
    "4구역": {
      "recordedRows": 1340,
      "lineGroups": 108,
      "comparableGroups": 108,
      "strictMatchGroups": 0,
      "nearMatchGroups": 0,
      "mismatchGroups": 108,
      "comparableCells": 1340,
      "strictMatchCells": 116,
      "nearMatchCells": 31,
      "mismatchCells": 1193,
      "peakRuleComparableGroups": 108,
      "peakRuleMatchGroups": 8,
      "topRuleComparableGroups": 108,
      "topRuleMatchGroups": 0,
      "notComparableGroups": 0,
      "strictGroupRatePct": 0.0,
      "withinNearGroupRatePct": 0.0,
      "strictCellRatePct": 8.7,
      "withinNearCellRatePct": 11.0,
      "peakRuleMatchRatePct": 7.4,
      "topRuleMatchRatePct": 0.0,
      "medianAbsDifference": 0.8509090909090915,
      "maxAbsDifference": 9.872545454545453,
      "recordedAccordingToRule": false
    },
    "5구역": {
      "recordedRows": 1232,
      "lineGroups": 102,
      "comparableGroups": 102,
      "strictMatchGroups": 0,
      "nearMatchGroups": 0,
      "mismatchGroups": 102,
      "comparableCells": 1232,
      "strictMatchCells": 102,
      "nearMatchCells": 26,
      "mismatchCells": 1104,
      "peakRuleComparableGroups": 102,
      "peakRuleMatchGroups": 0,
      "topRuleComparableGroups": 102,
      "topRuleMatchGroups": 0,
      "notComparableGroups": 0,
      "strictGroupRatePct": 0.0,
      "withinNearGroupRatePct": 0.0,
      "strictCellRatePct": 8.3,
      "withinNearCellRatePct": 10.4,
      "peakRuleMatchRatePct": 0.0,
      "topRuleMatchRatePct": 0.0,
      "medianAbsDifference": 0.6156000000000006,
      "maxAbsDifference": 24.72727272727272,
      "recordedAccordingToRule": false
    }
  },
  "mismatchRowCount": 7591
}
