Loading http://127.0.0.1:8000/index_v55_zone_cache_light.html?summaryBuild=1
[browser:warning] A parser-blocking, cross site (i.e. different eTLD+1) script, https://cesium.com/downloads/cesiumjs/releases/1.121/Build/Cesium/Cesium.js, is invoked via document.write. The network request for this script MAY be blocked by the browser in this or a future page load due to poor network connectivity. If blocked in this page load, it will be confirmed in a subsequent console message. See https://www.chromestatus.com/feature/5718547946799104 for more details.
[browser:warning] A parser-blocking, cross site (i.e. different eTLD+1) script, https://cesium.com/downloads/cesiumjs/releases/1.121/Build/Cesium/Cesium.js, is invoked via document.write. The network request for this script MAY be blocked by the browser in this or a future page load due to poor network connectivity. If blocked in this page load, it will be confirmed in a subsequent console message. See https://www.chromestatus.com/feature/5718547946799104 for more details.
[requestfailed] net::ERR_ABORTED https://www.google-analytics.com/g/collect?v=2&tid=G-7G97GY46BX&gtm=45je6781v9256848832za200zd9256848832&_p=1783930424566&gcd=13l3l3l3l1l1&npa=0&dma=0&are=1&cid=1521398153.1783930425&frm=0&pscdl=noapi&rcb=9&sr=1440x900&uaa=x86&uab=64&uafvl=Chromium%3B136.0.7103.25%7CHeadlessChrome%3B136.0.7103.25%7CNot.A%252FBrand%3B99.0.0.0&uam=&uamb=0&uap=Linux&uapv=6.17.0&uaw=0&ul=en-us%40posix&_s=1&tag_exp=115938465~115938469~118395334~118826209~118897920~118897930~119027224&sid=1783930424&sct=1&seg=0&dl=http%3A%2F%2F127.0.0.1%2Findex_v55_zone_cache_light.html%3FsummaryBuild%3D1&dt=%EC%95%95%EA%B5%AC%EC%A0%95%20%EC%A1%B0%EB%A7%9D%20%EC%8B%9C%EB%AE%AC%EB%A0%88%EC%9D%B4%EC%85%98&en=page_view&_fv=1&_nsi=1&_ss=1&_ee=1&tfd=190
[browser:warning] [GroupMarkerNotSet(crbug.com/242999)!:A0B01B00A41A0000]Automatic fallback to software WebGL has been deprecated. Please use the --enable-unsafe-swiftshader flag to opt in to lower security guarantees for trusted content.
[browser:warning] [.WebGL-0x259c0378dc00]GL Driver Message (OpenGL, Performance, GL_CLOSE_PATH_NV, High): GPU stall due to ReadPixels
[browser:warning] [.WebGL-0x259c0378dc00]GL Driver Message (OpenGL, Performance, GL_CLOSE_PATH_NV, High): GPU stall due to ReadPixels
[browser:warning] [.WebGL-0x259c0378dc00]GL Driver Message (OpenGL, Performance, GL_CLOSE_PATH_NV, High): GPU stall due to ReadPixels
Index ready: {"footprints":277,"currentZoneId":"ALL","modes":["conservative","relaxed"]}
=== 3구역 계산 시작 ===
[browser:warning] [.WebGL-0x259c0378dc00]GL Driver Message (OpenGL, Performance, GL_CLOSE_PATH_NV, High): GPU stall due to ReadPixels (this message will no longer repeat)
[browser:log] An error occurred in "$v": Failed to obtain image tile X: 1 Y: 0 Level: 1.
[browser:error] Failed to load resource: net::ERR_FAILED
[browser:log] An error occurred in "$v": Failed to obtain image tile X: 1 Y: 1 Level: 1.
[browser:error] Failed to load resource: net::ERR_FAILED
[browser:log] An error occurred in "$v": Failed to obtain image tile X: 0 Y: 0 Level: 0.
[browser:error] Failed to load resource: net::ERR_FAILED
[browser:log] An error occurred in "$v": Failed to obtain image tile X: 0 Y: 0 Level: 1.
[browser:error] Failed to load resource: net::ERR_FAILED
[browser:log] An error occurred in "$v": Failed to obtain image tile X: 0 Y: 1 Level: 1.
[browser:error] Failed to load resource: net::ERR_FAILED
[browser:log] An error occurred in "$v": Failed to obtain image tile X: 3 Y: 0 Level: 2.
[browser:error] Failed to load resource: net::ERR_FAILED
[browser:log] An error occurred in "$v": Failed to obtain image tile X: 3 Y: 1 Level: 2.
[browser:error] Failed to load resource: net::ERR_FAILED
[browser:log] An error occurred in "$v": Failed to obtain image tile X: 6 Y: 2 Level: 3.
[browser:error] Failed to load resource: net::ERR_FAILED
[requestfailed] net::ERR_ABORTED https://www.google-analytics.com/g/collect?v=2&tid=G-7G97GY46BX&gtm=45je6781v9256848832za200zd9256848832&_p=1783930424566&gcd=13l3l3l3l1l1&npa=0&dma=0&_eu=AEAAAAQ&ae=a&are=1&cid=1521398153.1783930425&frm=0&pscdl=noapi&rcb=9&sr=1440x900&uaa=x86&uab=64&uafvl=Chromium%3B136.0.7103.25%7CHeadlessChrome%3B136.0.7103.25%7CNot.A%252FBrand%3B99.0.0.0&uam=&uamb=0&uap=Linux&uapv=6.17.0&uaw=0&ul=en-us%40posix&_s=2&tag_exp=115938465~115938469~118395334~118826209~118897920~118897930~119027224&sid=1783930424&sct=1&seg=0&dl=http%3A%2F%2F127.0.0.1%2Findex_v55_zone_cache_light.html%3FsummaryBuild%3D1&dt=%EC%95%95%EA%B5%AC%EC%A0%95%20%EC%A1%B0%EB%A7%9D%20%EC%8B%9C%EB%AE%AC%EB%A0%88%EC%9D%B4%EC%85%98&en=scroll&epn.percent_scrolled=90&_et=10&tfd=5761
[browser:log] An error occurred in "$v": Failed to obtain image tile X: 6 Y: 3 Level: 3.
[browser:error] Failed to load resource: net::ERR_FAILED
[browser:log] An error occurred in "$v": Failed to obtain image tile X: 13 Y: 5 Level: 4.
[browser:error] Failed to load resource: net::ERR_FAILED
[browser:log] An error occurred in "$v": Failed to obtain image tile X: 13 Y: 6 Level: 4.
[browser:error] Failed to load resource: net::ERR_FAILED
[browser:log] An error occurred in "$v": Failed to obtain image tile X: 27 Y: 11 Level: 5.
[browser:error] Failed to load resource: net::ERR_FAILED
[browser:log] An error occurred in "$v": Failed to obtain image tile X: 27 Y: 12 Level: 5.
[browser:error] Failed to load resource: net::ERR_FAILED
[browser:log] An error occurred in "$v": Failed to obtain image tile X: 54 Y: 24 Level: 6.
[browser:error] Failed to load resource: net::ERR_FAILED
[browser:log] An error occurred in "$v": Failed to obtain image tile X: 54 Y: 25 Level: 6.
[browser:error] Failed to load resource: net::ERR_FAILED
[browser:log] An error occurred in "$v": Failed to obtain image tile X: 109 Y: 48 Level: 7.
[browser:error] Failed to load resource: net::ERR_FAILED
[browser:log] An error occurred in "$v": Failed to obtain image tile X: 109 Y: 49 Level: 7.
[browser:error] Failed to load resource: net::ERR_FAILED
[browser:log] An error occurred in "$v": Failed to obtain image tile X: 109 Y: 50 Level: 7.
[browser:error] Failed to load resource: net::ERR_FAILED
[browser:log] An error occurred in "$v": Failed to obtain image tile X: 108 Y: 48 Level: 7.
[browser:error] Failed to load resource: net::ERR_FAILED
[browser:log] An error occurred in "$v": Failed to obtain image tile X: 108 Y: 49 Level: 7.
[browser:error] Failed to load resource: net::ERR_FAILED
[browser:log] An error occurred in "$v": Failed to obtain image tile X: 108 Y: 50 Level: 7.
[browser:error] Failed to load resource: net::ERR_FAILED
[browser:log] An error occurred in "$v": Failed to obtain image tile X: 218 Y: 98 Level: 8.
[browser:error] Failed to load resource: net::ERR_FAILED
[browser:log] An error occurred in "$v": Failed to obtain image tile X: 218 Y: 99 Level: 8.
[browser:error] Failed to load resource: net::ERR_FAILED
[browser:log] An error occurred in "$v": Failed to obtain image tile X: 218 Y: 100 Level: 8.
[browser:error] Failed to load resource: net::ERR_FAILED
[browser:log] An error occurred in "$v": Failed to obtain image tile X: 436 Y: 197 Level: 9.
[browser:error] Failed to load resource: net::ERR_FAILED
[browser:log] An error occurred in "$v": Failed to obtain image tile X: 436 Y: 198 Level: 9.
[browser:error] Failed to load resource: net::ERR_FAILED
[browser:log] An error occurred in "$v": Failed to obtain image tile X: 873 Y: 396 Level: 10.
[browser:error] Failed to load resource: net::ERR_FAILED
[browser:log] An error occurred in "$v": Failed to obtain image tile X: 873 Y: 397 Level: 10.
[browser:error] Failed to load resource: net::ERR_FAILED
[browser:log] An error occurred in "$v": Failed to obtain image tile X: 1746 Y: 792 Level: 11.
[browser:error] Failed to load resource: net::ERR_FAILED
[browser:log] An error occurred in "$v": Failed to obtain image tile X: 1746 Y: 793 Level: 11.
[browser:error] Failed to load resource: net::ERR_FAILED
[browser:log] An error occurred in "$v": Failed to obtain image tile X: 3493 Y: 1585 Level: 12.
[browser:error] Failed to load resource: net::ERR_FAILED
[browser:log] An error occurred in "$v": Failed to obtain image tile X: 3493 Y: 1586 Level: 12.
[browser:error] Failed to load resource: net::ERR_FAILED
[browser:log] An error occurred in "$v": Failed to obtain image tile X: 6986 Y: 3172 Level: 13.
[browser:error] Failed to load resource: net::ERR_FAILED
[browser:log] An error occurred in "$v": Failed to obtain image tile X: 6986 Y: 3173 Level: 13.
[browser:error] Failed to load resource: net::ERR_FAILED
[browser:log] An error occurred in "$v": Failed to obtain image tile X: 3493 Y: 1587 Level: 12.
[browser:error] Failed to load resource: net::ERR_FAILED
[browser:log] An error occurred in "$v": Failed to obtain image tile X: 13973 Y: 6345 Level: 14.
[browser:error] Failed to load resource: net::ERR_FAILED
[browser:log] An error occurred in "$v": Failed to obtain image tile X: 13973 Y: 6346 Level: 14.
[browser:error] Failed to load resource: net::ERR_FAILED
[browser:log] An error occurred in "$v": Failed to obtain image tile X: 13972 Y: 6345 Level: 14.
[browser:error] Failed to load resource: net::ERR_FAILED
[browser:log] An error occurred in "$v": Failed to obtain image tile X: 13972 Y: 6346 Level: 14.
[browser:error] Failed to load resource: net::ERR_FAILED
[browser:log] An error occurred in "$v": Failed to obtain image tile X: 13973 Y: 6347 Level: 14.
[browser:error] Failed to load resource: net::ERR_FAILED
[browser:log] An error occurred in "$v": Failed to obtain image tile X: 13973 Y: 6348 Level: 14.
[browser:error] Failed to load resource: net::ERR_FAILED
[browser:log] An error occurred in "$v": Failed to obtain image tile X: 13972 Y: 6347 Level: 14.
[browser:error] Failed to load resource: net::ERR_FAILED
[browser:log] An error occurred in "$v": Failed to obtain image tile X: 13972 Y: 6348 Level: 14.
[browser:error] Failed to load resource: net::ERR_FAILED
[browser:log] An error occurred in "$v": Failed to obtain image tile X: 6986 Y: 3174 Level: 13.
[browser:error] Failed to load resource: net::ERR_FAILED
[browser:log] An error occurred in "$v": Failed to obtain image tile X: 27946 Y: 12693 Level: 15.
[browser:error] Failed to load resource: net::ERR_FAILED
[browser:log] An error occurred in "$v": Failed to obtain image tile X: 27946 Y: 12694 Level: 15.
[browser:error] Failed to load resource: net::ERR_FAILED
[browser:log] An error occurred in "$v": Failed to obtain image tile X: 27946 Y: 12695 Level: 15.
[browser:error] Failed to load resource: net::ERR_FAILED
[browser:log] An error occurred in "$v": Failed to obtain image tile X: 55893 Y: 25387 Level: 16.
[browser:error] Failed to load resource: net::ERR_FAILED
[browser:log] An error occurred in "$v": Failed to obtain image tile X: 55893 Y: 25388 Level: 16.
[browser:error] Failed to load resource: net::ERR_FAILED
[browser:log] An error occurred in "$v": Failed to obtain image tile X: 55892 Y: 25387 Level: 16.
[browser:error] Failed to load resource: net::ERR_FAILED
[browser:log] An error occurred in "$v": Failed to obtain image tile X: 55892 Y: 25388 Level: 16.
[browser:error] Failed to load resource: net::ERR_FAILED
[browser:log] An error occurred in "$v": Failed to obtain image tile X: 55894 Y: 25387 Level: 16.
[browser:error] Failed to load resource: net::ERR_FAILED
[browser:log] An error occurred in "$v": Failed to obtain image tile X: 55894 Y: 25388 Level: 16.
[browser:error] Failed to load resource: net::ERR_FAILED
[browser:log] An error occurred in "$v": Failed to obtain image tile X: 55891 Y: 25387 Level: 16.
[browser:error] Failed to load resource: net::ERR_FAILED
[browser:log] An error occurred in "$v": Failed to obtain image tile X: 55891 Y: 25388 Level: 16.
[browser:error] Failed to load resource: net::ERR_FAILED
[browser:log] An error occurred in "$v": Failed to obtain image tile X: 111786 Y: 50775 Level: 17.
[browser:error] Failed to load resource: net::ERR_FAILED
[browser:log] An error occurred in "$v": Failed to obtain image tile X: 111786 Y: 50776 Level: 17.
[browser:error] Failed to load resource: net::ERR_FAILED
[browser:log] An error occurred in "$v": Failed to obtain image tile X: 111787 Y: 50775 Level: 17.
[browser:error] Failed to load resource: net::ERR_FAILED
[browser:log] An error occurred in "$v": Failed to obtain image tile X: 111787 Y: 50776 Level: 17.
[browser:error] Failed to load resource: net::ERR_FAILED
[browser:log] An error occurred in "$v": Failed to obtain image tile X: 111785 Y: 50775 Level: 17.
[browser:error] Failed to load resource: net::ERR_FAILED
[browser:log] An error occurred in "$v": Failed to obtain image tile X: 111785 Y: 50776 Level: 17.
[browser:error] Failed to load resource: net::ERR_FAILED
[browser:log] An error occurred in "$v": Failed to obtain image tile X: 111788 Y: 50775 Level: 17.
[browser:error] Failed to load resource: net::ERR_FAILED
[browser:log] An error occurred in "$v": Failed to obtain image tile X: 111788 Y: 50776 Level: 17.
[browser:error] Failed to load resource: net::ERR_FAILED
[browser:log] An error occurred in "$v": Failed to obtain image tile X: 111786 Y: 50777 Level: 17.
[browser:error] Failed to load resource: net::ERR_FAILED
[browser:log] An error occurred in "$v": Failed to obtain image tile X: 27946 Y: 12692 Level: 15.
[browser:error] Failed to load resource: net::ERR_FAILED
[browser:log] An error occurred in "$v": Failed to obtain image tile X: 111787 Y: 50777 Level: 17.
[browser:error] Failed to load resource: net::ERR_FAILED
[browser:log] An error occurred in "$v": Failed to obtain image tile X: 55892 Y: 25384 Level: 16.
[browser:error] Failed to load resource: net::ERR_FAILED
[browser:log] An error occurred in "$v": Failed to obtain image tile X: 55892 Y: 25385 Level: 16.
[browser:error] Failed to load resource: net::ERR_FAILED
[browser:log] An error occurred in "$v": Failed to obtain image tile X: 55892 Y: 25386 Level: 16.
[browser:error] Failed to load resource: net::ERR_FAILED
[browser:log] An error occurred in "$v": Failed to obtain image tile X: 55893 Y: 25384 Level: 16.
[browser:error] Failed to load resource: net::ERR_FAILED
[browser:log] An error occurred in "$v": Failed to obtain image tile X: 55893 Y: 25385 Level: 16.
[browser:error] Failed to load resource: net::ERR_FAILED
[browser:log] An error occurred in "$v": Failed to obtain image tile X: 55893 Y: 25386 Level: 16.
[browser:error] Failed to load resource: net::ERR_FAILED
[browser:log] An error occurred in "$v": Failed to obtain image tile X: 111784 Y: 50775 Level: 17.
[browser:error] Failed to load resource: net::ERR_FAILED
[browser:log] An error occurred in "$v": Failed to obtain image tile X: 111786 Y: 50773 Level: 17.
[browser:error] Failed to load resource: net::ERR_FAILED
[browser:log] An error occurred in "$v": Failed to obtain image tile X: 111786 Y: 50774 Level: 17.
[browser:error] Failed to load resource: net::ERR_FAILED
[browser:log] An error occurred in "$v": Failed to obtain image tile X: 111787 Y: 50773 Level: 17.
[browser:error] Failed to load resource: net::ERR_FAILED
[browser:log] An error occurred in "$v": Failed to obtain image tile X: 111787 Y: 50774 Level: 17.
[browser:error] Failed to load resource: net::ERR_FAILED
[browser:log] An error occurred in "$v": Failed to obtain image tile X: 111785 Y: 50773 Level: 17.
[browser:error] Failed to load resource: net::ERR_FAILED
[browser:log] An error occurred in "$v": Failed to obtain image tile X: 111785 Y: 50774 Level: 17.
[browser:error] Failed to load resource: net::ERR_FAILED
[browser:log] An error occurred in "$v": Failed to obtain image tile X: 111786 Y: 50772 Level: 17.
[browser:error] Failed to load resource: net::ERR_FAILED
[browser:log] An error occurred in "$v": Failed to obtain image tile X: 111785 Y: 50772 Level: 17.
[browser:error] Failed to load resource: net::ERR_FAILED
[browser:log] An error occurred in "$v": Failed to obtain image tile X: 27947 Y: 12693 Level: 15.
[browser:error] Failed to load resource: net::ERR_FAILED
[browser:log] An error occurred in "$v": Failed to obtain image tile X: 27947 Y: 12694 Level: 15.
[browser:error] Failed to load resource: net::ERR_FAILED
[browser:log] An error occurred in "$v": Failed to obtain image tile X: 111787 Y: 50772 Level: 17.
[browser:error] Failed to load resource: net::ERR_FAILED
[browser:log] An error occurred in "$v": Failed to obtain image tile X: 111784 Y: 50772 Level: 17.
[browser:error] Failed to load resource: net::ERR_FAILED
[browser:log] An error occurred in "$v": Failed to obtain image tile X: 111784 Y: 50773 Level: 17.
[browser:error] Failed to load resource: net::ERR_FAILED
[browser:log] An error occurred in "$v": Failed to obtain image tile X: 111784 Y: 50774 Level: 17.
[browser:error] Failed to load resource: net::ERR_FAILED
[browser:log] An error occurred in "$v": Failed to obtain image tile X: 111788 Y: 50773 Level: 17.
[browser:error] Failed to load resource: net::ERR_FAILED
[browser:log] An error occurred in "$v": Failed to obtain image tile X: 111788 Y: 50774 Level: 17.
[browser:error] Failed to load resource: net::ERR_FAILED
[browser:log] An error occurred in "$v": Failed to obtain image tile X: 111784 Y: 50776 Level: 17.
[browser:error] Failed to load resource: net::ERR_FAILED
[browser:log] An error occurred in "$v": Failed to obtain image tile X: 111788 Y: 50772 Level: 17.
[browser:error] Failed to load resource: net::ERR_FAILED
[browser:log] An error occurred in "$v": Failed to obtain image tile X: 111785 Y: 50777 Level: 17.
[browser:error] Failed to load resource: net::ERR_FAILED
[browser:log] An error occurred in "$v": Failed to obtain image tile X: 111788 Y: 50777 Level: 17.
[browser:error] Failed to load resource: net::ERR_FAILED
[browser:log] An error occurred in "$v": Failed to obtain image tile X: 55891 Y: 25386 Level: 16.
[browser:error] Failed to load resource: net::ERR_FAILED
[browser:log] An error occurred in "$v": Failed to obtain image tile X: 27945 Y: 12693 Level: 15.
[browser:error] Failed to load resource: net::ERR_FAILED
[browser:log] An error occurred in "$v": Failed to obtain image tile X: 55891 Y: 25384 Level: 16.
[browser:error] Failed to load resource: net::ERR_FAILED
[browser:log] An error occurred in "$v": Failed to obtain image tile X: 55891 Y: 25385 Level: 16.
[browser:error] Failed to load resource: net::ERR_FAILED
[browser:log] An error occurred in "$v": Failed to obtain image tile X: 111789 Y: 50773 Level: 17.
[browser:error] Failed to load resource: net::ERR_FAILED
[browser:log] An error occurred in "$v": Failed to obtain image tile X: 111789 Y: 50774 Level: 17.
[browser:error] Failed to load resource: net::ERR_FAILED
[browser:log] An error occurred in "$v": Failed to obtain image tile X: 111789 Y: 50775 Level: 17.
[browser:error] Failed to load resource: net::ERR_FAILED
[browser:log] An error occurred in "$v": Failed to obtain image tile X: 111789 Y: 50776 Level: 17.
[browser:error] Failed to load resource: net::ERR_FAILED
[browser:log] An error occurred in "$v": Failed to obtain image tile X: 55894 Y: 25386 Level: 16.
[browser:error] Failed to load resource: net::ERR_FAILED
[browser:log] An error occurred in "$v": Failed to obtain image tile X: 111783 Y: 50775 Level: 17.
[browser:error] Failed to load resource: net::ERR_FAILED
[browser:log] An error occurred in "$v": Failed to obtain image tile X: 111783 Y: 50776 Level: 17.
[browser:error] Failed to load resource: net::ERR_FAILED
[browser:log] An error occurred in "$v": Failed to obtain image tile X: 111784 Y: 50777 Level: 17.
[browser:error] Failed to load resource: net::ERR_FAILED
[browser:log] An error occurred in "$v": Failed to obtain image tile X: 111789 Y: 50772 Level: 17.
[browser:error] Failed to load resource: net::ERR_FAILED
[browser:log] An error occurred in "$v": Failed to obtain image tile X: 55894 Y: 25384 Level: 16.
[browser:error] Failed to load resource: net::ERR_FAILED
[browser:log] An error occurred in "$v": Failed to obtain image tile X: 55894 Y: 25385 Level: 16.
[browser:error] Failed to load resource: net::ERR_FAILED
[browser:log] An error occurred in "$v": Failed to obtain image tile X: 55893 Y: 25383 Level: 16.
[browser:error] Failed to load resource: net::ERR_FAILED
[browser:log] An error occurred in "$v": Failed to obtain image tile X: 27945 Y: 12692 Level: 15.
[browser:error] Failed to load resource: net::ERR_FAILED
[browser:log] An error occurred in "$v": Failed to obtain image tile X: 111785 Y: 50778 Level: 17.
[browser:error] Failed to load resource: net::ERR_FAILED
[browser:log] An error occurred in "$v": Failed to obtain image tile X: 111783 Y: 50777 Level: 17.
[browser:error] Failed to load resource: net::ERR_FAILED
[browser:log] An error occurred in "$v": Failed to obtain image tile X: 111782 Y: 50775 Level: 17.
[browser:error] Failed to load resource: net::ERR_FAILED
[browser:log] An error occurred in "$v": Failed to obtain image tile X: 111782 Y: 50776 Level: 17.
[browser:error] Failed to load resource: net::ERR_FAILED
[browser:log] An error occurred in "$v": Failed to obtain image tile X: 55890 Y: 25384 Level: 16.
[browser:error] Failed to load resource: net::ERR_FAILED
[browser:log] An error occurred in "$v": Failed to obtain image tile X: 55890 Y: 25385 Level: 16.
[browser:error] Failed to load resource: net::ERR_FAILED
[browser:log] An error occurred in "$v": Failed to obtain image tile X: 55890 Y: 25386 Level: 16.
[browser:error] Failed to load resource: net::ERR_FAILED
[browser:log] An error occurred in "$v": Failed to obtain image tile X: 55890 Y: 25387 Level: 16.
[browser:error] Failed to load resource: net::ERR_FAILED
[browser:log] An error occurred in "$v": Failed to obtain image tile X: 27947 Y: 12692 Level: 15.
[browser:error] Failed to load resource: net::ERR_FAILED
[browser:log] An error occurred in "$v": Failed to obtain image tile X: 27945 Y: 12694 Level: 15.
[browser:error] Failed to load resource: net::ERR_FAILED
[browser:log] An error occurred in "$v": Failed to obtain image tile X: 27946 Y: 12691 Level: 15.
[browser:error] Failed to load resource: net::ERR_FAILED
[browser:log] An error occurred in "$v": Failed to obtain image tile X: 55894 Y: 25383 Level: 16.
[browser:error] Failed to load resource: net::ERR_FAILED
[browser:log] An error occurred in "$v": Failed to obtain image tile X: 55889 Y: 25386 Level: 16.
[browser:error] Failed to load resource: net::ERR_FAILED
[browser:log] An error occurred in "$v": Failed to obtain image tile X: 55889 Y: 25387 Level: 16.
[browser:error] Failed to load resource: net::ERR_FAILED
[browser:log] An error occurred in "$v": Failed to obtain image tile X: 55892 Y: 25389 Level: 16.
[browser:error] Failed to load resource: net::ERR_FAILED
[browser:log] An error occurred in "$v": Failed to obtain image tile X: 27947 Y: 12695 Level: 15.
[browser:error] Failed to load resource: net::ERR_FAILED
[browser:log] An error occurred in "$v": Failed to obtain image tile X: 55892 Y: 25390 Level: 16.
[browser:error] Failed to load resource: net::ERR_FAILED
[browser:log] An error occurred in "$v": Failed to obtain image tile X: 27945 Y: 12695 Level: 15.
[browser:error] Failed to load resource: net::ERR_FAILED
[browser:log] An error occurred in "$v": Failed to obtain image tile X: 27947 Y: 12691 Level: 15.
[browser:error] Failed to load resource: net::ERR_FAILED
[browser:log] An error occurred in "$v": Failed to obtain image tile X: 27944 Y: 12692 Level: 15.
[browser:error] Failed to load resource: net::ERR_FAILED
[browser:log] An error occurred in "$v": Failed to obtain image tile X: 27944 Y: 12693 Level: 15.
[browser:error] Failed to load resource: net::ERR_FAILED
3구역 결과: {"zoneId":"3","footprintCount":128,"analysisCount":128,"missingAnalysisCount":0,"floorCount":5422,"typeCounts":{"27":24,"38":5,"42":4,"50":7,"58":15,"67":24,"71":34,"82":8,"91":4,"103":3}}
=== 4구역 계산 시작 ===
4구역 결과: {"zoneId":"4","footprintCount":44,"analysisCount":44,"missingAnalysisCount":0,"floorCount":1696,"typeCounts":{"25":6,"34":2,"40":12,"43":4,"52":1,"60":3,"63":2,"67":3,"72":1,"77":1,"47A":3,"47B":6}}
=== 5구역 계산 시작 ===
5구역 결과: {"zoneId":"5","footprintCount":38,"analysisCount":38,"missingAnalysisCount":0,"floorCount":1524,"typeCounts":{"25":10,"31":9,"35":7,"41":5,"51":3,"61":3,"71":1}}
Final zone row counts: {"2":67,"3":128,"4":44,"5":38}
Wrote /home/runner/work/apgujeong-allocation-view-recommender/apgujeong-allocation-view-recommender/data/view_summary.json
Wrote /home/runner/work/apgujeong-allocation-view-recommender/apgujeong-allocation-view-recommender/data/view_unit_rows.csv (277 rows)
Wrote /home/runner/work/apgujeong-allocation-view-recommender/apgujeong-allocation-view-recommender/data/view_floor_rows.csv (11388 rows)
