{
  "stepM": 8,
  "footprintCount": 277,
  "rowCount": 41,
  "zoneSummary": [
    {
      "구역": "2구역",
      "평형수": 12,
      "계산단위": 3607,
      "평균조망각": 22.9,
      "최소조망각": 0,
      "최대조망각": 123,
      "등급별건수": {
        "특A급": 66,
        "A급": 30,
        "B급": 202,
        "C급": 391,
        "D급": 876,
        "E급": 2042
      },
      "등급별비율": {
        "특A급": 1.83,
        "A급": 0.83,
        "B급": 5.6,
        "C급": 10.84,
        "D급": 24.29,
        "E급": 56.61
      }
    },
    {
      "구역": "3구역",
      "평형수": 10,
      "계산단위": 5422,
      "평균조망각": 35.49,
      "최소조망각": 0,
      "최대조망각": 156,
      "등급별건수": {
        "특A급": 420,
        "A급": 248,
        "B급": 369,
        "C급": 541,
        "D급": 1453,
        "E급": 2391
      },
      "등급별비율": {
        "특A급": 7.75,
        "A급": 4.57,
        "B급": 6.81,
        "C급": 9.98,
        "D급": 26.8,
        "E급": 44.1
      }
    },
    {
      "구역": "4구역",
      "평형수": 12,
      "계산단위": 1696,
      "평균조망각": 24.67,
      "최소조망각": 0,
      "최대조망각": 109,
      "등급별건수": {
        "특A급": 78,
        "A급": 52,
        "B급": 57,
        "C급": 152,
        "D급": 292,
        "E급": 1065
      },
      "등급별비율": {
        "특A급": 4.6,
        "A급": 3.07,
        "B급": 3.36,
        "C급": 8.96,
        "D급": 17.22,
        "E급": 62.79
      }
    },
    {
      "구역": "5구역",
      "평형수": 7,
      "계산단위": 1524,
      "평균조망각": 26.55,
      "최소조망각": 0,
      "최대조망각": 126,
      "등급별건수": {
        "특A급": 58,
        "A급": 74,
        "B급": 121,
        "C급": 42,
        "D급": 298,
        "E급": 931
      },
      "등급별비율": {
        "특A급": 3.81,
        "A급": 4.86,
        "B급": 7.94,
        "C급": 2.76,
        "D급": 19.55,
        "E급": 61.09
      }
    }
  ],
  "validation": [
    {
      "평형": "25",
      "계산단위차이": 0,
      "평균각차이": -7.66,
      "최대등급비율차이": 10.06
    },
    {
      "평형": "32",
      "계산단위차이": -1,
      "평균각차이": -9.89,
      "최대등급비율차이": 15.62
    },
    {
      "평형": "37",
      "계산단위차이": 0,
      "평균각차이": 0,
      "최대등급비율차이": 0
    },
    {
      "평형": "41",
      "계산단위차이": 0,
      "평균각차이": -40.31,
      "최대등급비율차이": 42.5
    },
    {
      "평형": "45,46",
      "계산단위차이": -2,
      "평균각차이": -58.21,
      "최대등급비율차이": 68.81
    },
    {
      "평형": "51,52",
      "계산단위차이": -2,
      "평균각차이": -47.53,
      "최대등급비율차이": 31.29
    },
    {
      "평형": "55,56",
      "계산단위차이": 0,
      "평균각차이": -76.81,
      "최대등급비율차이": 54.44
    },
    {
      "평형": "60",
      "계산단위차이": -1,
      "평균각차이": -34.82,
      "최대등급비율차이": 23.26
    },
    {
      "평형": "65",
      "계산단위차이": 0,
      "평균각차이": -24.59,
      "최대등급비율차이": 64.29
    },
    {
      "평형": "70",
      "계산단위차이": 0,
      "평균각차이": -77.82,
      "최대등급비율차이": 56.82
    },
    {
      "평형": "79",
      "계산단위차이": -1,
      "평균각차이": -55.91,
      "최대등급비율차이": 69.53
    },
    {
      "평형": "87",
      "계산단위차이": -1,
      "평균각차이": -59.09,
      "최대등급비율차이": 55.81
    }
  ]
}
processed 10/277
processed 20/277
processed 30/277
processed 40/277
processed 50/277
processed 60/277
processed 70/277
processed 80/277
processed 90/277
processed 100/277
processed 110/277
processed 120/277
processed 130/277
processed 140/277
processed 150/277
processed 160/277
processed 170/277
processed 180/277
processed 190/277
processed 200/277
processed 210/277
processed 220/277
processed 230/277
processed 240/277
processed 250/277
processed 260/277
processed 270/277
