{
  "generatedAt": "2026-07-13T13:21:37.864351+00:00",
  "rows": [
    {
      "excelRow": 9783,
      "구역": "3구역",
      "단지명": "현대1,2차",
      "동": 21,
      "호": 605,
      "평형": 54,
      "전용면적": 161.18,
      "2026": 63.11
    },
    {
      "excelRow": 9784,
      "구역": "3구역",
      "단지명": "현대1,2차",
      "동": 21,
      "호": 606,
      "평형": 54,
      "전용면적": 161.19,
      "2026": 63.11
    },
    {
      "excelRow": 9785,
      "구역": "3구역",
      "단지명": "현대1,2차",
      "동": 21,
      "호": 701,
      "평형": 54,
      "전용면적": 161.18,
      "2026": 64.06
    },
    {
      "excelRow": 9786,
      "구역": "3구역",
      "단지명": "현대1,2차",
      "동": 21,
      "호": 702,
      "평형": 54,
      "전용면적": 161.18,
      "2026": 64.06
    },
    {
      "excelRow": 9787,
      "구역": "3구역",
      "단지명": "현대1,2차",
      "동": 21,
      "호": 703,
      "평형": 54,
      "전용면적": 161.18,
      "2026": 64.06
    },
    {
      "excelRow": 9788,
      "구역": "3구역",
      "단지명": "현대1,2차",
      "동": 21,
      "호": 704,
      "평형": 54,
      "전용면적": 161.18,
      "2026": 64.06
    },
    {
      "excelRow": 9789,
      "구역": "3구역",
      "단지명": "현대1,2차",
      "동": 21,
      "호": 705,
      "평형": 54,
      "전용면적": 161.18,
      "2026": 64.06
    },
    {
      "excelRow": 9790,
      "구역": "3구역",
      "단지명": "현대1,2차",
      "동": 21,
      "호": 705,
      "평형": 54,
      "전용면적": 161.18,
      "2026": 64.06
    },
    {
      "excelRow": 9791,
      "구역": "3구역",
      "단지명": "현대1,2차",
      "동": 21,
      "호": 801,
      "평형": 54,
      "전용면적": 161.18,
      "2026": 64.06
    },
    {
      "excelRow": 9792,
      "구역": "3구역",
      "단지명": "현대1,2차",
      "동": 21,
      "호": 802,
      "평형": 54,
      "전용면적": 161.18,
      "2026": 64.06
    },
    {
      "excelRow": 9793,
      "구역": "3구역",
      "단지명": "현대1,2차",
      "동": 21,
      "호": 803,
      "평형": 54,
      "전용면적": 161.18,
      "2026": 64.06
    },
    {
      "excelRow": 9794,
      "구역": "3구역",
      "단지명": "현대1,2차",
      "동": 21,
      "호": 804,
      "평형": 54,
      "전용면적": 161.18,
      "2026": 64.06
    },
    {
      "excelRow": 9795,
      "구역": "3구역",
      "단지명": "현대1,2차",
      "동": 21,
      "호": 805,
      "평형": 54,
      "전용면적": 161.19,
      "2026": 64.06
    },
    {
      "excelRow": 9796,
      "구역": "3구역",
      "단지명": "현대1,2차",
      "동": 21,
      "호": 806,
      "평형": 54,
      "전용면적": 161.19,
      "2026": 64.06
    }
  ]
}
