{
  "generatedAt": "2026-07-13T13:15:00.082890+00:00",
  "rows": [
    {
      "excelRow": 2098,
      "구역": "2구역",
      "단지명": "신현대",
      "동": 112,
      "호": 104,
      "평형": 57,
      "전용면적": 171.43,
      "2026": 67.84
    },
    {
      "excelRow": 2099,
      "구역": "2구역",
      "단지명": "신현대",
      "동": 112,
      "호": 105,
      "평형": 57,
      "전용면적": 171.43,
      "2026": 67.84
    },
    {
      "excelRow": 2100,
      "구역": "2구역",
      "단지명": "신현대",
      "동": 112,
      "호": 106,
      "평형": 57,
      "전용면적": 171.43,
      "2026": 67.84
    },
    {
      "excelRow": 2101,
      "구역": "2구역",
      "단지명": "신현대",
      "동": 112,
      "호": 201,
      "평형": 57,
      "전용면적": 171.43,
      "2026": 69.38
    },
    {
      "excelRow": 2102,
      "구역": "2구역",
      "단지명": "신현대",
      "동": 112,
      "호": 202,
      "평형": 57,
      "전용면적": 171.43,
      "2026": 69.38
    },
    {
      "excelRow": 2103,
      "구역": "2구역",
      "단지명": "신현대",
      "동": 112,
      "호": 203,
      "평형": 57,
      "전용면적": 171.43,
      "2026": 69.38
    },
    {
      "excelRow": 2104,
      "구역": "2구역",
      "단지명": "신현대",
      "동": 112,
      "호": 204,
      "평형": 57,
      "전용면적": 171.43,
      "2026": 69.38
    },
    {
      "excelRow": 2105,
      "구역": "2구역",
      "단지명": "신현대",
      "동": 112,
      "호": 205,
      "평형": 57,
      "전용면적": 171.43,
      "2026": 69.38
    },
    {
      "excelRow": 2106,
      "구역": "2구역",
      "단지명": "신현대",
      "동": 112,
      "호": " ",
      "평형": 57,
      "전용면적": 171.43,
      "2026": 69.38
    },
    {
      "excelRow": 2107,
      "구역": "2구역",
      "단지명": "신현대",
      "동": 112,
      "호": 301,
      "평형": 57,
      "전용면적": 171.43,
      "2026": 71.16
    },
    {
      "excelRow": 2108,
      "구역": "2구역",
      "단지명": "신현대",
      "동": 112,
      "호": 302,
      "평형": 57,
      "전용면적": 171.43,
      "2026": 71.16
    },
    {
      "excelRow": 2109,
      "구역": "2구역",
      "단지명": "신현대",
      "동": 112,
      "호": 303,
      "평형": 57,
      "전용면적": 171.43,
      "2026": 71.16
    },
    {
      "excelRow": 2110,
      "구역": "2구역",
      "단지명": "신현대",
      "동": 112,
      "호": 304,
      "평형": 57,
      "전용면적": 171.43,
      "2026": 71.16
    },
    {
      "excelRow": 2111,
      "구역": "2구역",
      "단지명": "신현대",
      "동": 112,
      "호": 305,
      "평형": 57,
      "전용면적": 171.43,
      "2026": 71.16
    },
    {
      "excelRow": 2112,
      "구역": "2구역",
      "단지명": "신현대",
      "동": 112,
      "호": 306,
      "평형": 57,
      "전용면적": 171.43,
      "2026": 71.16
    },
    {
      "excelRow": 2113,
      "구역": "2구역",
      "단지명": "신현대",
      "동": 112,
      "호": 401,
      "평형": 57,
      "전용면적": 171.43,
      "2026": 72.35
    },
    {
      "excelRow": 2114,
      "구역": "2구역",
      "단지명": "신현대",
      "동": 112,
      "호": 402,
      "평형": 57,
      "전용면적": 171.43,
      "2026": 72.35
    }
  ]
}
